# {{projectName}}

A production-ready **{{#if (eq framework "selenium")}}Selenium WebDriver{{else}}Playwright{{/if}}** test automation
framework using **{{#if (eq testRunner "testng")}}TestNG{{else}}JUnit5{{/if}}** and **{{#if (eq buildTool
"maven")}}Maven{{else}}Gradle{{/if}}**.

## ğŸš€ Quick Start

```bash
# Run all tests
{{#if (eq buildTool "maven")}}
mvn clean test
{{else}}
gradle clean test
{{/if}}

# Run with specific browser
{{#if (eq buildTool "maven")}}
mvn test -Dbrowser=firefox
{{else}}
gradle test -Dbrowser=firefox
{{/if}}

# Run headless
{{#if (eq buildTool "maven")}}
mvn test -Dheadless=true
{{else}}
gradle test -Dheadless=true
{{/if}}

# Run specific environment
{{#if (eq buildTool "maven")}}
mvn test -Denv=qa
{{else}}
gradle test -Denv=qa
{{/if}}
```

## ğŸ“ Project Structure

```
src/
â”œâ”€â”€ main/java/{{javaPackage}}/
â”‚ â”œâ”€â”€ config/ # Configuration management
â”‚ â”œâ”€â”€ core/ # BaseTest, {{#if (eq framework "selenium")}}DriverManager{{else}}PlaywrightManager{{/if}}
â”‚ â”œâ”€â”€ pages/ # Page Objects (LoginPage, etc.)
{{#if (eq testRunner "testng")}}
â”‚ â”œâ”€â”€ listeners/ # TestNG listeners
{{/if}}
â”‚ â””â”€â”€ utils/ # Log, Screenshot, {{#if (eq reportingTool "extent-reports")}}ExtentManager{{/if}}{{#if (eq reportingTool
"allure")}}AllureManager{{/if}}
â”œâ”€â”€ main/resources/
â”‚ â””â”€â”€ config/ # dev.properties, qa.properties
â””â”€â”€ test/
â”œâ”€â”€ java/{{javaPackage}}/
{{#if (eq testingPattern "bdd")}}
â”‚ â”œâ”€â”€ runners/ # Cucumber TestRunner
â”‚ â””â”€â”€ stepdefinitions/
{{else}}
â”‚ â””â”€â”€ tests/ # Test classes
{{/if}}
â””â”€â”€ resources/
{{#if (eq testingPattern "bdd")}}
â””â”€â”€ features/ # Gherkin feature files
{{else}}
{{#if (eq testRunner "testng")}}
â””â”€â”€ testng.xml # TestNG suite configuration
{{/if}}
{{/if}}
```

## âš™ï¸ Configuration

Edit `src/main/resources/config/dev.properties`:

```properties
base.url=https://www.saucedemo.com/
browser={{#if (eq framework "selenium")}}chrome{{else}}chromium{{/if}}
headless=false
username=standard_user
password=secret_sauce
timeout.default=30
```

## ğŸ§ª Writing Tests

{{#if (eq testingPattern "bdd")}}
### Feature File (Gherkin)
```gherkin
@login
Feature: Login Functionality

@smoke
Scenario: Successful login
Given I am on the login page
When I login with valid credentials
Then login should be successful
```

### Step Definitions
```java
@Given("I am on the login page")
public void iAmOnTheLoginPage() {
// Implementation
}
```
{{else}}
### Page Object
```java
public class LoginPage extends BasePage {
public void login(String username, String password) {
enterUsername(username);
enterPassword(password);
clickLogin();
}
}
```

### Test Class
```java
public class LoginTests extends BaseTest {
@Test
public void testValidLogin() {
LoginPage loginPage = new LoginPage();
loginPage.login("standard_user", "secret_sauce");
Assert.assertTrue(loginPage.isLoginSuccessful());
}
}
```

### Data-Driven Testing (CSV)

Test data location: `src/main/resources/testdata/users.csv`

```csv
username,password,expected
standard_user,secret_sauce,success
locked_out_user,secret_sauce,error
```

```java
@DataProvider(name = "loginData")
public Object[][] getLoginData() {
List<Map<String, String>> data = TestDataReader.readCsv("users.csv");
    return data.stream()
    .map(row -> new Object[]{row.get("username"), row.get("password"), row.get("expected")})
    .toArray(Object[][]::new);
    }

    @Test(dataProvider = "loginData")
    public void testLoginWithCSV(String username, String password, String expected) {
    new LoginPage().login(username, password);
    if ("success".equals(expected)) {
    Assert.assertTrue(loginPage.isLoginSuccessful());
    } else {
    Assert.assertTrue(loginPage.isErrorDisplayed());
    }
    }
    ```
    {{/if}}

    ## ğŸ“Š Reports

    {{#if (eq reportingTool "extent-reports")}}
    ### ExtentReports
    Reports generated in: `reports/ExtentReport_{timestamp}.html`

    Open the HTML file in a browser after test execution.
    {{/if}}
    {{#if (eq reportingTool "allure")}}
    ### Allure Reports
    ```bash
    # Generate and open report
    {{#if (eq buildTool "maven")}}
    mvn allure:serve
    {{else}}
    gradle allureServe
    {{/if}}
    ```
    Results in: `target/allure-results`
    {{/if}}
    {{#if (eq reportingTool "testng-reports")}}
    ### TestNG Reports
    Reports generated in: `target/surefire-reports/`
    {{/if}}

    ## ğŸ–¥ï¸ Browsers

    | Browser | Config Value |
    |---------|--------------|
    {{#if (eq framework "selenium")}}
    | Chrome | `chrome` |
    | Firefox | `firefox` |
    | Edge | `edge` |
    {{else}}
    | Chromium | `chromium` |
    | Firefox | `firefox` |
    | WebKit | `webkit` |
    {{/if}}

    ## ğŸ“¸ Screenshots

    Screenshots are automatically captured on test failure:
    - Location: `screenshots/`
    - Format: `FAILED_{TestName}_{timestamp}.png`

    ## ğŸ”§ Prerequisites

    | Requirement | Version | Verify Command |
    |-------------|---------|----------------|
    | Java | 17+ | `java -version` |
    {{#if (eq buildTool "maven")}}
    | Maven | 3.9+ | `mvn -version` |
    {{else}}
    | Gradle | 8+ | `gradle -version` |
    {{/if}}
    {{#if (eq framework "selenium")}}
    | Chrome/Firefox/Edge | Latest | Browser Settings |
    {{else}}
    | Playwright | Auto-installed | `npx playwright install` |
    {{/if}}

    ## ğŸ› ï¸ Troubleshooting

    ### Common Issues

    <details>
        <summary><strong>âŒ WebDriverException: Cannot find driver</strong></summary>

        **Solution**: Selenium Manager handles driver downloads automatically in Selenium 4.11+.
        If still failing, ensure Chrome/Firefox is installed and accessible in PATH.

        ```bash
        # Verify browser installation
        {{#if (eq framework "selenium")}}
        google-chrome --version # or firefox --version
        {{/if}}
        ```
    </details>

    <details>
        <summary><strong>âŒ Tests timeout or fail intermittently</strong></summary>

        **Solution**: Increase wait timeouts in config:

        ```properties
        # In dev.properties
        implicit.wait=15
        explicit.wait=20
        ```

        Or run with retry enabled:
        ```bash
        {{#if (eq buildTool "maven")}}
        mvn test -DretryCount=2
        {{else}}
        gradle test -DretryCount=2
        {{/if}}
        ```
    </details>

    <details>
        <summary><strong>âŒ Element not found / StaleElementReferenceException</strong></summary>

        **Solution**: Use explicit waits in your page objects:

        ```java
        // Use WaitUtils for reliable element interaction
        WaitUtils.waitForElement(driver, By.id("element-id"), 10);
        ```
    </details>

    <details>
        <summary><strong>âŒ CI/CD tests fail but local tests pass</strong></summary>

        **Solution**: Always run headless in CI:

        ```bash
        {{#if (eq buildTool "maven")}}
        mvn test -Dheadless=true -Dbrowser=chrome
        {{else}}
        gradle test -Dheadless=true -Dbrowser=chrome
        {{/if}}
        ```
    </details>

    ### Getting Help

    - ğŸ“– [Documentation](https://qatonic.com/docs)
    - ğŸ› [Report Issue](https://github.com/qatonic/qastarter/issues)

    ---
    Generated by [QAStarter](https://qatonic.com)